<?xml version="1.0" encoding="UTF-8" ?>
<testsuite tests="1" failures="0" name="by.pvt.webapp.test.SimpleTest" time="2.058" errors="0" skipped="0">
  <properties>
    <property name="java.vendor" value="Oracle Corporation"/>
    <property name="sun.java.launcher" value="SUN_STANDARD"/>
    <property name="catalina.base" value="D:\project\hellotomcat\hellotomcat-webapp-it\target\tomcat"/>
    <property name="sun.management.compiler" value="HotSpot 64-Bit Tiered Compilers"/>
    <property name="catalina.useNaming" value="true"/>
    <property name="os.name" value="Windows 10"/>
    <property name="java.util.logging.config.file" value="D:\project\hellotomcat\hellotomcat-webapp-it\target\tomcat\conf\logging.properties"/>
    <property name="user.country.format" value="BY"/>
    <property name="sun.desktop" value="windows"/>
    <property name="java.vm.specification.vendor" value="Oracle Corporation"/>
    <property name="java.runtime.version" value="9.0.4+11"/>
    <property name="user.name" value="Lenovo"/>
    <property name="shared.loader" value=""/>
    <property name="guice.disable.misplaced.annotation.check" value="true"/>
    <property name="tomcat.util.buf.StringCache.byte.enabled" value="true"/>
    <property name="user.language" value="ru"/>
    <property name="java.naming.factory.initial" value="org.apache.naming.java.javaURLContextFactory"/>
    <property name="sun.boot.library.path" value="c:\Program Files\Java\jdk-9.0.4\bin"/>
    <property name="classworlds.conf" value="c:\java\apache-maven-3.6.0\bin\..\bin\m2.conf"/>
    <property name="java.vm.compressedOopsMode" value="Zero based"/>
    <property name="java.util.logging.manager" value="org.apache.juli.ClassLoaderLogManager"/>
    <property name="java.version" value="9.0.4"/>
    <property name="user.timezone" value="Europe/Moscow"/>
    <property name="sun.arch.data.model" value="64"/>
    <property name="sun.cpu.isalist" value="amd64"/>
    <property name="sun.jnu.encoding" value="Cp1252"/>
    <property name="file.encoding.pkg" value="sun.io"/>
    <property name="package.access" value="sun.,org.apache.catalina.,org.apache.coyote.,org.apache.tomcat.,org.apache.jasper."/>
    <property name="file.separator" value="\"/>
    <property name="java.specification.name" value="Java Platform API Specification"/>
    <property name="maven.conf" value="c:\java\apache-maven-3.6.0\bin\../conf"/>
    <property name="java.class.version" value="53.0"/>
    <property name="user.country" value="RU"/>
    <property name="java.home" value="c:\Program Files\Java\jdk-9.0.4"/>
    <property name="java.vm.info" value="mixed mode"/>
    <property name="os.version" value="10.0"/>
    <property name="path.separator" value=";"/>
    <property name="java.vm.version" value="9.0.4+11"/>
    <property name="user.variant" value=""/>
    <property name="java.awt.printerjob" value="sun.awt.windows.WPrinterJob"/>
    <property name="sun.io.unicode.encoding" value="UnicodeLittle"/>
    <property name="tomcat.util.scan.DefaultJarScanner.jarsToSkip" value="bootstrap.jar,commons-daemon.jar,tomcat-juli.jar,annotations-api.jar,el-api.jar,jsp-api.jar,servlet-api.jar,websocket-api.jar,catalina.jar,catalina-ant.jar,catalina-ha.jar,catalina-tribes.jar,jasper.jar,jasper-el.jar,ecj-*.jar,tomcat-api.jar,tomcat-util.jar,tomcat-coyote.jar,tomcat-dbcp.jar,tomcat-jni.jar,tomcat-spdy.jar,tomcat-i18n-en.jar,tomcat-i18n-es.jar,tomcat-i18n-fr.jar,tomcat-i18n-ja.jar,tomcat-juli-adapters.jar,catalina-jmx-remote.jar,catalina-ws.jar,tomcat-jdbc.jar,tools.jar,commons-beanutils*.jar,commons-codec*.jar,commons-collections*.jar,commons-dbcp*.jar,commons-digester*.jar,commons-fileupload*.jar,commons-httpclient*.jar,commons-io*.jar,commons-lang*.jar,commons-logging*.jar,commons-math*.jar,commons-pool*.jar,jstl.jar,geronimo-spec-jaxrpc*.jar,wsdl4j*.jar,ant.jar,ant-junit*.jar,aspectj*.jar,jmx.jar,h2*.jar,hibernate*.jar,httpclient*.jar,jmx-tools.jar,jta*.jar,log4j.jar,log4j-1*.jar,mail*.jar,slf4j*.jar,xercesImpl.jar,xmlParserAPIs.jar,xml-apis.jar,junit.jar,junit-*.jar,hamcrest*.jar,org.hamcrest*.jar,ant-launcher.jar"/>
    <property name="awt.toolkit" value="sun.awt.windows.WToolkit"/>
    <property name="sun.stdout.encoding" value="cp437"/>
    <property name="package.definition" value="sun.,java.,org.apache.catalina.,org.apache.coyote.,org.apache.tomcat.,org.apache.jasper."/>
    <property name="user.script" value=""/>
    <property name="java.naming.factory.url.pkgs" value="org.apache.naming"/>
    <property name="user.home" value="C:\Users\Lenovo"/>
    <property name="org.apache.catalina.startup.ContextConfig.jarsToSkip" value=""/>
    <property name="java.specification.vendor" value="Oracle Corporation"/>
    <property name="library.jansi.path" value="c:\java\apache-maven-3.6.0\bin\..\lib\jansi-native"/>
    <property name="java.library.path" value="c:\Program Files\Java\jdk-9.0.4\bin;C:\Windows\Sun\Java\bin;C:\Windows\system32;C:\Windows;C:\Program Files (x86)\Common Files\Oracle\Java\javapath;C:\ProgramData\Oracle\Java\javapath;C:\Windows\system32;C:\Windows;C:\Windows\System32\Wbem;C:\Windows\System32\WindowsPowerShell\v1.0\;C:\Program Files\Intel\WiFi\bin\;C:\Program Files\Common Files\Intel\WirelessCommon\;C:\Program Files (x86)\Windows Kits\8.1\Windows Performance Toolkit\;C:\Program Files\Microsoft SQL Server\110\Tools\Binn\;C:\Program Files (x86)\Microsoft SDKs\TypeScript\1.0\;C:\Program Files\Microsoft SQL Server\120\Tools\Binn\;c:\java\apache-maven-3.6.0\bin\;c:\Program Files\Java\jdk1.8.0_131\bin;C:\Program Files\Git\cmd;C:\Program Files\Intel\WiFi\bin\;C:\Program Files\Common Files\Intel\WirelessCommon\;."/>
    <property name="java.vendor.url" value="http://java.oracle.com/"/>
    <property name="org.apache.catalina.startup.TldConfig.jarsToSkip" value="tomcat7-websocket.jar"/>
    <property name="java.vm.vendor" value="Oracle Corporation"/>
    <property name="common.loader" value="${catalina.base}/lib,${catalina.base}/lib/*.jar,${catalina.home}/lib,${catalina.home}/lib/*.jar"/>
    <property name="maven.home" value="c:\java\apache-maven-3.6.0\bin\.."/>
    <property name="java.runtime.name" value="Java(TM) SE Runtime Environment"/>
    <property name="sun.java.command" value="org.codehaus.plexus.classworlds.launcher.Launcher clean install"/>
    <property name="java.class.path" value="c:\java\apache-maven-3.6.0\bin\..\boot\plexus-classworlds-2.5.2.jar"/>
    <property name="jdk.debug" value="release"/>
    <property name="java.vm.specification.name" value="Java Virtual Machine Specification"/>
    <property name="java.vm.specification.version" value="9"/>
    <property name="catalina.home" value="D:\project\hellotomcat\hellotomcat-webapp-it\target\tomcat"/>
    <property name="sun.cpu.endian" value="little"/>
    <property name="sun.os.patch.level" value=""/>
    <property name="java.io.tmpdir" value="C:\Users\Lenovo\AppData\Local\Temp\"/>
    <property name="maven.multiModuleProjectDirectory" value="D:\project\hellotomcat"/>
    <property name="java.vendor.url.bug" value="http://bugreport.java.com/bugreport/"/>
    <property name="server.loader" value=""/>
    <property name="os.arch" value="amd64"/>
    <property name="java.awt.graphicsenv" value="sun.awt.Win32GraphicsEnvironment"/>
    <property name="user.dir" value="D:\project\hellotomcat"/>
    <property name="line.separator" value="
"/>
    <property name="java.vm.name" value="Java HotSpot(TM) 64-Bit Server VM"/>
    <property name="sun.stderr.encoding" value="cp437"/>
    <property name="file.encoding" value="Cp1252"/>
    <property name="tomcat.maven.http.port" value="9898"/>
    <property name="java.specification.version" value="9"/>
  </properties>
  <testcase classname="by.pvt.webapp.test.SimpleTest" name="testSimple" time="2.058"/>
</testsuite>